Arguments: 
  C:\Program Files\nodejs\node.exe C:\Program Files (x86)\Yarn\bin\yarn.js add jquery

PATH: 
  C:\app\client\MadupuK\product\12.2.0\client_1;C:\app\client\MadupuK\product\12.2.0\client_1\bin;C:\app\MadupuK\product\11.2.0\client_1;C:\WINDOWS\system32;C:\WINDOWS;C:\WINDOWS\System32\Wbem;C:\WINDOWS\System32\WindowsPowerShell\v1.0\;C:\Program Files (x86)\Microsoft SQL Server\Client SDK\ODBC\130\Tools\Binn\;C:\Program Files (x86)\Microsoft SQL Server\140\Tools\Binn\;C:\Program Files (x86)\Microsoft SQL Server\140\DTS\Binn\;C:\Program Files (x86)\Microsoft SQL Server\140\Tools\Binn\ManagementStudio\;C:\Program Files (x86)\Intel\Intel(R) Management Engine Components\DAL;C:\Program Files\Intel\Intel(R) Management Engine Components\DAL;C:\Program Files\Intel\WiFi\bin\;C:\Program Files\Common Files\Intel\WirelessCommon\;C:\WINDOWS\System32\OpenSSH\;C:\Program Files\nodejs\;C:\Program Files\Git\cmd;C:\Program Files (x86)\Yarn\bin\;C:\Users\madupuk\AppData\Local\Microsoft\WindowsApps;C:\app\client\MadupuK\product\12.2.0\client_1;C:\app\client\MadupuK\product\12.2.0\client_1\bin;;C:\Users\madupuk\AppData\Local\Programs\Microsoft VS Code\bin;C:\Users\madupuk\AppData\Roaming\npm;C:\Users\madupuk\AppData\Local\Yarn\bin

Yarn version: 
  1.21.1

Node version: 
  13.5.0

Platform: 
  win32 x64

Trace: 
  Error: unable to get local issuer certificate
      at TLSSocket.onConnectSecure (_tls_wrap.js:1364:34)
      at TLSSocket.emit (events.js:305:20)
      at TLSSocket._finishInit (_tls_wrap.js:825:8)
      at TLSWrap.ssl.onhandshakedone (_tls_wrap.js:621:12)

npm manifest: 
  {
    "name": "tableau-extensions-tutorial-part-one",
    "version": "1.0.0",
    "description": "index.js",
    "main": "a",
    "repository": "https://github.com/mvnrao9/tableau-extension-tutorial-part-one",
    "author": "Rao",
    "license": "Rao",
    "private": null
  }

yarn manifest: 
  No manifest

Lockfile: 
  No lockfile
